0 info it worked if it ends with ok
1 verbose cli [ 'node', '/usr/local/bin/npm', 'update', '-g', 'nodemon' ]
2 info using npm@1.4.28
3 info using node@v0.10.32
4 verbose request where is /nodemon
5 verbose request registry https://registry.npmjs.org/
6 verbose request id 4b726449b00ef129
7 verbose url raw /nodemon
8 verbose url resolving [ 'https://registry.npmjs.org/', './nodemon' ]
9 verbose url resolved https://registry.npmjs.org/nodemon
10 verbose request where is https://registry.npmjs.org/nodemon
11 info trying registry request attempt 1 at 14:28:05
12 verbose etag "B5ZMVA5ZCWK30CEK7H1SQLV68"
13 http GET https://registry.npmjs.org/nodemon
14 http 200 https://registry.npmjs.org/nodemon
15 silly registry.get cb [ 200,
15 silly registry.get   { date: 'Thu, 22 Jan 2015 22:28:05 GMT',
15 silly registry.get     server: 'CouchDB/1.5.0 (Erlang OTP/R14B04)',
15 silly registry.get     etag: '"IUJX0OH51UFRZBQNJN47SWDK"',
15 silly registry.get     'content-type': 'application/json',
15 silly registry.get     'cache-control': 'max-age=60',
15 silly registry.get     'content-length': '141664',
15 silly registry.get     'accept-ranges': 'bytes',
15 silly registry.get     via: '1.1 varnish',
15 silly registry.get     age: '28',
15 silly registry.get     'x-served-by': 'cache-lax1421-LAX',
15 silly registry.get     'x-cache': 'HIT',
15 silly registry.get     'x-cache-hits': '1',
15 silly registry.get     'x-timer': 'S1421965685.992429,VS0,VE1',
15 silly registry.get     vary: 'Accept',
15 silly registry.get     'keep-alive': 'timeout=10, max=50',
15 silly registry.get     connection: 'Keep-Alive' } ]
16 info outdated updating [ [ '/usr/local/lib', 'nodemon', '1.2.1', '1.3.2', '1.3.2', 'latest' ] ]
17 verbose install where,what [ '/usr/local/lib', [ 'nodemon@1.3.2' ] ]
18 verbose cache add [ 'nodemon@1.3.2', null ]
19 verbose cache add name=undefined spec="nodemon@1.3.2" args=["nodemon@1.3.2",null]
20 verbose parsed url { protocol: null,
20 verbose parsed url   slashes: null,
20 verbose parsed url   auth: null,
20 verbose parsed url   host: null,
20 verbose parsed url   port: null,
20 verbose parsed url   hostname: null,
20 verbose parsed url   hash: null,
20 verbose parsed url   search: null,
20 verbose parsed url   query: null,
20 verbose parsed url   pathname: 'nodemon@1.3.2',
20 verbose parsed url   path: 'nodemon@1.3.2',
20 verbose parsed url   href: 'nodemon@1.3.2' }
21 verbose cache add name="nodemon" spec="1.3.2" args=["nodemon","1.3.2"]
22 verbose parsed url { protocol: null,
22 verbose parsed url   slashes: null,
22 verbose parsed url   auth: null,
22 verbose parsed url   host: null,
22 verbose parsed url   port: null,
22 verbose parsed url   hostname: null,
22 verbose parsed url   hash: null,
22 verbose parsed url   search: null,
22 verbose parsed url   query: null,
22 verbose parsed url   pathname: '1.3.2',
22 verbose parsed url   path: '1.3.2',
22 verbose parsed url   href: '1.3.2' }
23 verbose addNamed [ 'nodemon', '1.3.2' ]
24 verbose addNamed [ '1.3.2', '1.3.2' ]
25 silly lockFile eb9c1afd-nodemon-1-3-2 nodemon@1.3.2
26 verbose lock nodemon@1.3.2 /Users/eam78526/.npm/eb9c1afd-nodemon-1-3-2.lock
27 verbose registry.get https://registry.npmjs.org/nodemon not expired, no request
28 silly lockFile b4a698dd-js-org-nodemon-nodemon-1-3-2-tgz https://registry.npmjs.org/nodemon/-/nodemon-1.3.2.tgz
29 verbose lock https://registry.npmjs.org/nodemon/-/nodemon-1.3.2.tgz /Users/eam78526/.npm/b4a698dd-js-org-nodemon-nodemon-1-3-2-tgz.lock
30 verbose addRemoteTarball [ 'https://registry.npmjs.org/nodemon/-/nodemon-1.3.2.tgz',
30 verbose addRemoteTarball   '9d54b0731bb2ce213169ebffd5bed9ea988ae9d8' ]
31 info retry fetch attempt 1 at 14:28:06
32 verbose fetch to= /var/folders/_q/46yzzff92cg500k_zz4n_4zw0000gn/T/npm-75789-p7RAKF7t/registry.npmjs.org/nodemon/-/nodemon-1.3.2.tgz
33 http GET https://registry.npmjs.org/nodemon/-/nodemon-1.3.2.tgz
34 http 200 https://registry.npmjs.org/nodemon/-/nodemon-1.3.2.tgz
35 silly lockFile b4a698dd-js-org-nodemon-nodemon-1-3-2-tgz https://registry.npmjs.org/nodemon/-/nodemon-1.3.2.tgz
36 silly lockFile b4a698dd-js-org-nodemon-nodemon-1-3-2-tgz https://registry.npmjs.org/nodemon/-/nodemon-1.3.2.tgz
37 silly lockFile eb9c1afd-nodemon-1-3-2 nodemon@1.3.2
38 silly lockFile eb9c1afd-nodemon-1-3-2 nodemon@1.3.2
39 error Error: EACCES, mkdir '/Users/eam78526/.npm/nodemon/1.3.2'
39 error  { [Error: EACCES, mkdir '/Users/eam78526/.npm/nodemon/1.3.2']
39 error   errno: 3,
39 error   code: 'EACCES',
39 error   path: '/Users/eam78526/.npm/nodemon/1.3.2' }
40 error Please try running this command again as root/Administrator.
41 error System Darwin 14.0.0
42 error command "node" "/usr/local/bin/npm" "update" "-g" "nodemon"
43 error cwd /Users/eam78526/Code/wkend
44 error node -v v0.10.32
45 error npm -v 1.4.28
46 error path /Users/eam78526/.npm/nodemon/1.3.2
47 error code EACCES
48 error errno 3
49 error stack Error: EACCES, mkdir '/Users/eam78526/.npm/nodemon/1.3.2'
50 verbose exit [ 3, true ]
